<?xml version="1.0" encoding="UTF-8"?>
<testng-results skipped="0" failed="0" ignored="0" total="1" passed="1">
  <reporter-output>
  </reporter-output>
  <suite name="Suite" duration-ms="19844" started-at="2021-07-29T07:42:02 IST" finished-at="2021-07-29T07:42:22 IST">
    <groups>
    </groups>
    <test name="Test" duration-ms="19844" started-at="2021-07-29T07:42:02 IST" finished-at="2021-07-29T07:42:22 IST">
      <class name="automation.Logging">
        <test-method status="PASS" signature="login()[pri:0, instance:automation.Logging@197c004]" name="login" duration-ms="19704" started-at="2021-07-29T07:42:02 IST" finished-at="2021-07-29T07:42:22 IST">
          <reporter-output>
          </reporter-output>
        </test-method> <!-- login -->
      </class> <!-- automation.Logging -->
    </test> <!-- Test -->
  </suite> <!-- Suite -->
</testng-results>
